build/android-build/build-v1.0.3/brilliantBees/build/outputs/logs/manifest-merger-debug-report.txt
-- Merging decision tree log ---
manifest
ADDED from src\main\AndroidManifest.xml:2:1-32:12
	package
		ADDED from src\main\AndroidManifest.xml:2:122-154
		INJECTED from src\main\AndroidManifest.xml
		INJECTED from src\main\AndroidManifest.xml
	android:versionName
		ADDED from src\main\AndroidManifest.xml:2:94-121
		INJECTED from src\main\AndroidManifest.xml
		INJECTED from src\main\AndroidManifest.xml
	android:versionCode
		ADDED from src\main\AndroidManifest.xml:2:70-93
		INJECTED from src\main\AndroidManifest.xml
		INJECTED from src\main\AndroidManifest.xml
	xmlns:android
		ADDED from src\main\AndroidManifest.xml:2:11-69
	android:installLocation
		ADDED from src\main\AndroidManifest.xml:2:155-195
supports-screens
ADDED from src\main\AndroidManifest.xml:3:3-163
	android:largeScreens
		ADDED from src\main\AndroidManifest.xml:3:47-74
	android:smallScreens
		ADDED from src\main\AndroidManifest.xml:3:104-131
	android:normalScreens
		ADDED from src\main\AndroidManifest.xml:3:75-103
	android:xlargeScreens
		ADDED from src\main\AndroidManifest.xml:3:132-160
	android:anyDensity
		ADDED from src\main\AndroidManifest.xml:3:21-46
application
ADDED from src\main\AndroidManifest.xml:4:3-23:17
MERGED from [:common:] AndroidManifest.xml:9:5-10:19
MERGED from [:GoogleAIDL:] AndroidManifest.xml:7:5-8:19
MERGED from [:GooglePlay:] AndroidManifest.xml:12:5-17:19
MERGED from [com.android.support:support-v4:23.4.0] AndroidManifest.xml:22:5-20
MERGED from [work space:unity-ads:unspecified] AndroidManifest.xml:13:5-20:19
	android:label
		ADDED from src\main\AndroidManifest.xml:4:50-82
	android:icon
		ADDED from src\main\AndroidManifest.xml:4:16-49
	android:allowBackup
		ADDED from [:GooglePlay:] AndroidManifest.xml:12:18-44
	android:theme
		ADDED from src\main\AndroidManifest.xml:4:83-124
	android:isGame
		ADDED from src\main\AndroidManifest.xml:4:125-146
activity#com.vgsz.brilliantbees.UnityPlayerActivity
ADDED from src\main\AndroidManifest.xml:5:5-11:16
	android:screenOrientation
		ADDED from src\main\AndroidManifest.xml:5:48-84
	android:label
		ADDED from src\main\AndroidManifest.xml:5:15-47
	android:launchMode
		ADDED from src\main\AndroidManifest.xml:5:85-116
	android:configChanges
		ADDED from src\main\AndroidManifest.xml:5:117-274
	android:name
		ADDED from src\main\AndroidManifest.xml:5:275-332
intent-filter#android.intent.action.MAIN+android.intent.category.LAUNCHER
ADDED from src\main\AndroidManifest.xml:6:7-9:23
action#android.intent.action.MAIN
ADDED from src\main\AndroidManifest.xml:7:9-61
	android:name
		ADDED from src\main\AndroidManifest.xml:7:17-58
category#android.intent.category.LAUNCHER
ADDED from src\main\AndroidManifest.xml:8:9-69
	android:name
		ADDED from src\main\AndroidManifest.xml:8:19-66
meta-data#unityplayer.UnityActivity
ADDED from src\main\AndroidManifest.xml:10:7-82
	android:value
		ADDED from src\main\AndroidManifest.xml:10:59-79
	android:name
		ADDED from src\main\AndroidManifest.xml:10:18-58
activity#com.google.android.gms.ads.AdActivity
ADDED from src\main\AndroidManifest.xml:13:5-229
	android:configChanges
		ADDED from src\main\AndroidManifest.xml:13:15-124
	android:theme
		ADDED from src\main\AndroidManifest.xml:13:178-226
	android:name
		ADDED from src\main\AndroidManifest.xml:13:125-177
meta-data#com.google.android.gms.version
ADDED from src\main\AndroidManifest.xml:15:5-118
	android:value
		ADDED from src\main\AndroidManifest.xml:15:62-115
	android:name
		ADDED from src\main\AndroidManifest.xml:15:16-61
activity#com.google.games.bridge.NativeBridgeActivity
ADDED from src\main\AndroidManifest.xml:16:5-148
	android:theme
		ADDED from src\main\AndroidManifest.xml:16:75-145
	android:name
		ADDED from src\main\AndroidManifest.xml:16:15-74
meta-data#com.google.android.gms.nearby.connection.SERVICE_ID
ADDED from src\main\AndroidManifest.xml:18:5-102
	android:value
		ADDED from src\main\AndroidManifest.xml:18:83-99
	android:name
		ADDED from src\main\AndroidManifest.xml:18:16-82
meta-data#com.google.android.gms.games.APP_ID
ADDED from src\main\AndroidManifest.xml:20:5-99
	android:value
		ADDED from src\main\AndroidManifest.xml:20:67-96
	android:name
		ADDED from src\main\AndroidManifest.xml:20:16-66
meta-data#com.google.android.gms.games.unityVersion
ADDED from src\main\AndroidManifest.xml:21:5-100
	android:value
		ADDED from src\main\AndroidManifest.xml:21:73-97
	android:name
		ADDED from src\main\AndroidManifest.xml:21:16-72
activity#com.unity3d.ads.android.view.UnityAdsFullscreenActivity
ADDED from src\main\AndroidManifest.xml:22:5-418
MERGED from [work space:unity-ads:unspecified] AndroidManifest.xml:14:9-19:46
	xmlns:tools
		ADDED from src\main\AndroidManifest.xml:22:338-384
	android:hardwareAccelerated
		ADDED from src\main\AndroidManifest.xml:22:173-207
	tools:ignore
		ADDED from src\main\AndroidManifest.xml:22:385-415
	android:configChanges
		ADDED from src\main\AndroidManifest.xml:22:15-172
	android:theme
		ADDED from src\main\AndroidManifest.xml:22:279-337
	android:name
		ADDED from src\main\AndroidManifest.xml:22:208-278
uses-sdk
ADDED from src\main\AndroidManifest.xml:24:3-71
MERGED from [:common:] AndroidManifest.xml:7:5-43
MERGED from [:GooglePlay:] AndroidManifest.xml:7:5-43
MERGED from [com.android.support:support-v4:23.4.0] AndroidManifest.xml:20:5-43
MERGED from [work space:unity-ads:unspecified] AndroidManifest.xml:8:5-43
	android:targetSdkVersion
		ADDED from src\main\AndroidManifest.xml:24:39-68
		INJECTED from src\main\AndroidManifest.xml
		INJECTED from src\main\AndroidManifest.xml
	android:minSdkVersion
		ADDED from src\main\AndroidManifest.xml:24:13-38
		INJECTED from src\main\AndroidManifest.xml
		INJECTED from src\main\AndroidManifest.xml
uses-permission#android.permission.INTERNET
ADDED from src\main\AndroidManifest.xml:26:3-65
MERGED from [:GooglePlay:] AndroidManifest.xml:9:5-67
MERGED from [work space:unity-ads:unspecified] AndroidManifest.xml:11:5-67
	android:name
		ADDED from src\main\AndroidManifest.xml:26:20-62
uses-permission#android.permission.ACCESS_NETWORK_STATE
ADDED from src\main\AndroidManifest.xml:27:3-77
MERGED from [work space:unity-ads:unspecified] AndroidManifest.xml:10:5-79
	android:name
		ADDED from src\main\AndroidManifest.xml:27:20-74
uses-feature#0x00020000
ADDED from src\main\AndroidManifest.xml:28:3-52
	android:glEsVersion
		ADDED from src\main\AndroidManifest.xml:28:17-49
uses-feature#android.hardware.touchscreen
ADDED from src\main\AndroidManifest.xml:29:3-88
	android:required
		ADDED from src\main\AndroidManifest.xml:29:61-85
	android:name
		ADDED from src\main\AndroidManifest.xml:29:17-60
uses-feature#android.hardware.touchscreen.multitouch
ADDED from src\main\AndroidManifest.xml:30:3-99
	android:required
		ADDED from src\main\AndroidManifest.xml:30:72-96
	android:name
		ADDED from src\main\AndroidManifest.xml:30:17-71
uses-feature#android.hardware.touchscreen.multitouch.distinct
ADDED from src\main\AndroidManifest.xml:31:3-108
	android:required
		ADDED from src\main\AndroidManifest.xml:31:81-105
	android:name
		ADDED from src\main\AndroidManifest.xml:31:17-80
android:uses-permission#android.permission.WRITE_EXTERNAL_STORAGE
IMPLIED from src\main\AndroidManifest.xml:2:1-32:12 reason: com.android.vending.billing has a targetSdkVersion < 4
android:uses-permission#android.permission.READ_PHONE_STATE
IMPLIED from src\main\AndroidManifest.xml:2:1-32:12 reason: com.android.vending.billing has a targetSdkVersion < 4
android:uses-permission#android.permission.READ_EXTERNAL_STORAGE
IMPLIED from src\main\AndroidManifest.xml:2:1-32:12 reason: com.android.vending.billing requested WRITE_EXTERNAL_STORAGE
uses-permission#com.android.vending.BILLING
ADDED from [:GooglePlay:] AndroidManifest.xml:10:5-67
	android:name
		ADDED from [:GooglePlay:] AndroidManifest.xml:10:22-64
activity#com.unity.purchasing.googleplay.PurchaseActivity
ADDED from [:GooglePlay:] AndroidManifest.xml:13:9-16:86
	android:configChanges
		ADDED from [:GooglePlay:] AndroidManifest.xml:15:13-170
	android:theme
		ADDED from [:GooglePlay:] AndroidManifest.xml:16:13-83
	android:name
		ADDED from [:GooglePlay:] AndroidManifest.xml:14:13-76